state	power	likelihood
300	1	-56368.9
400	1	-56374
500	1	-56370.1
600	1	-56371.3
700	1	-56370.8
800	1	-56370.4
900	1	-56369.5
1000	1	-56370.5
300	0.903921	-56373.8
400	0.903921	-56369.5
500	0.903921	-56373.8
600	0.903921	-56369.2
700	0.903921	-56372.5
800	0.903921	-56373.6
900	0.903921	-56369.6
1000	0.903921	-56373.2
300	0.815373	-56371.8
400	0.815373	-56376.8
500	0.815373	-56378.8
600	0.815373	-56373.5
700	0.815373	-56369.8
800	0.815373	-56373.4
900	0.815373	-56369.7
1000	0.815373	-56370.5
300	0.733904	-56385.2
400	0.733904	-56376.7
500	0.733904	-56372.6
600	0.733904	-56375
700	0.733904	-56376.7
800	0.733904	-56372.7
900	0.733904	-56372.3
1000	0.733904	-56375.1
300	0.659082	-56371.7
400	0.659082	-56375.9
500	0.659082	-56373.3
600	0.659082	-56375.9
700	0.659082	-56372.1
800	0.659082	-56373.5
900	0.659082	-56375
1000	0.659082	-56371.7
300	0.59049	-56373.6
400	0.59049	-56375.7
500	0.59049	-56373
600	0.59049	-56373.5
700	0.59049	-56378.6
800	0.59049	-56375.3
900	0.59049	-56370.9
1000	0.59049	-56373.8
300	0.527732	-56378.5
400	0.527732	-56378.6
500	0.527732	-56370.9
600	0.527732	-56373.9
700	0.527732	-56376.8
800	0.527732	-56378.8
900	0.527732	-56378
1000	0.527732	-56379.1
300	0.470427	-56374.4
400	0.470427	-56374.1
500	0.470427	-56378.8
600	0.470427	-56376.1
700	0.470427	-56381.2
800	0.470427	-56372.4
900	0.470427	-56382.5
1000	0.470427	-56375.2
300	0.418212	-56375.3
400	0.418212	-56374.6
500	0.418212	-56374.6
600	0.418212	-56377.3
700	0.418212	-56375.4
800	0.418212	-56372.9
900	0.418212	-56378.3
1000	0.418212	-56375.4
300	0.37074	-56386.3
400	0.37074	-56379.3
500	0.37074	-56374.9
600	0.37074	-56379.5
700	0.37074	-56376.7
800	0.37074	-56377.7
900	0.37074	-56379.9
1000	0.37074	-56374.2
300	0.32768	-56383.6
400	0.32768	-56381.9
500	0.32768	-56381.9
600	0.32768	-56375.4
700	0.32768	-56374.1
800	0.32768	-56382.7
900	0.32768	-56387.4
1000	0.32768	-56384.2
300	0.288717	-56375.6
400	0.288717	-56385.5
500	0.288717	-56380.1
600	0.288717	-56375.7
700	0.288717	-56377.8
800	0.288717	-56398.7
900	0.288717	-56387
1000	0.288717	-56378.9
300	0.253553	-56382
400	0.253553	-56375.6
500	0.253553	-56414.7
600	0.253553	-56374.5
700	0.253553	-56382.3
800	0.253553	-56375
900	0.253553	-56379.2
1000	0.253553	-56392
300	0.221901	-56394.7
400	0.221901	-56397.5
500	0.221901	-56398.9
600	0.221901	-56385.9
700	0.221901	-56385.1
800	0.221901	-56389.5
900	0.221901	-56392.6
1000	0.221901	-56379.2
300	0.193492	-56383.5
400	0.193492	-56377.2
500	0.193492	-56393.8
600	0.193492	-56392.8
700	0.193492	-56379.9
800	0.193492	-56401.1
900	0.193492	-56388.1
1000	0.193492	-56373.5
300	0.16807	-56391.2
400	0.16807	-56381.9
500	0.16807	-56388.4
600	0.16807	-56385
700	0.16807	-56385.3
800	0.16807	-56395.7
900	0.16807	-56395.1
1000	0.16807	-56392.3
300	0.145393	-56393.7
400	0.145393	-56382.6
500	0.145393	-56381
600	0.145393	-56375.2
700	0.145393	-56385.5
800	0.145393	-56402.8
900	0.145393	-56393.3
1000	0.145393	-56408.7
300	0.125233	-56381.1
400	0.125233	-56384.4
500	0.125233	-56394.7
600	0.125233	-56393.5
700	0.125233	-56394.3
800	0.125233	-56386.7
900	0.125233	-56434.2
1000	0.125233	-56389.4
300	0.107374	-56414.4
400	0.107374	-56461.3
500	0.107374	-56438.2
600	0.107374	-56388.7
700	0.107374	-56399.9
800	0.107374	-56403.6
900	0.107374	-56450.8
1000	0.107374	-56386.5
300	0.0916133	-56401.9
400	0.0916133	-56458.3
500	0.0916133	-56446.2
600	0.0916133	-56436.8
700	0.0916133	-56502.6
800	0.0916133	-56391.1
900	0.0916133	-56408
1000	0.0916133	-56437.2
300	0.07776	-56390.6
400	0.07776	-56400
500	0.07776	-56453.5
600	0.07776	-56401.8
700	0.07776	-56425.4
800	0.07776	-56391.8
900	0.07776	-56437
1000	0.07776	-56438
300	0.0656357	-56401.3
400	0.0656357	-56431.6
500	0.0656357	-56387.3
600	0.0656357	-56390.8
700	0.0656357	-56412.6
800	0.0656357	-56440.4
900	0.0656357	-56417.4
1000	0.0656357	-56411.2
300	0.0550732	-56409.3
400	0.0550732	-56471
500	0.0550732	-56407.6
600	0.0550732	-56468.6
700	0.0550732	-56399.2
800	0.0550732	-56440.2
900	0.0550732	-56437.2
1000	0.0550732	-56429.3
300	0.0459165	-56515.7
400	0.0459165	-56528.8
500	0.0459165	-56427.8
600	0.0459165	-56467.5
700	0.0459165	-56519.6
800	0.0459165	-56498.1
900	0.0459165	-56568.6
1000	0.0459165	-56569.8
300	0.0380204	-56440
400	0.0380204	-56599.7
500	0.0380204	-56503
600	0.0380204	-56407.9
700	0.0380204	-56455.5
800	0.0380204	-56416.8
900	0.0380204	-56463.3
1000	0.0380204	-56569.8
300	0.03125	-56471.7
400	0.03125	-56498.9
500	0.03125	-56519.9
600	0.03125	-56513.9
700	0.03125	-56500.3
800	0.03125	-56585.7
900	0.03125	-56471.6
1000	0.03125	-56427.1
300	0.0254804	-56478.7
400	0.0254804	-56447.5
500	0.0254804	-56508.1
600	0.0254804	-56619.3
700	0.0254804	-56476.9
800	0.0254804	-56419
900	0.0254804	-56525.9
1000	0.0254804	-56491.9
300	0.0205963	-56453.8
400	0.0205963	-56599.8
500	0.0205963	-56999.4
600	0.0205963	-56494.4
700	0.0205963	-56591.4
800	0.0205963	-56623.9
900	0.0205963	-56451.8
1000	0.0205963	-56559.1
300	0.0164916	-56796.3
400	0.0164916	-56571.9
500	0.0164916	-56454.8
600	0.0164916	-56511.7
700	0.0164916	-56805.7
800	0.0164916	-56535.2
900	0.0164916	-56490
1000	0.0164916	-56679.6
300	0.0130691	-56940.1
400	0.0130691	-57078.3
500	0.0130691	-56678.6
600	0.0130691	-56998.4
700	0.0130691	-56558.1
800	0.0130691	-56666
900	0.0130691	-56964.9
1000	0.0130691	-57051.1
300	0.01024	-56791.3
400	0.01024	-57144.7
500	0.01024	-57079.1
600	0.01024	-57103.6
700	0.01024	-57125.8
800	0.01024	-56998.6
900	0.01024	-56799.3
1000	0.01024	-56722.9
300	0.00792352	-57030.7
400	0.00792352	-56599.8
500	0.00792352	-57066.3
600	0.00792352	-56937.7
700	0.00792352	-56756.3
800	0.00792352	-57345.4
900	0.00792352	-57504.6
1000	0.00792352	-57138.9
300	0.00604662	-56576.6
400	0.00604662	-57292.4
500	0.00604662	-57042.7
600	0.00604662	-57201.8
700	0.00604662	-56611.5
800	0.00604662	-56891.9
900	0.00604662	-56958.4
1000	0.00604662	-57429.3
300	0.00454354	-57998
400	0.00454354	-56709.5
500	0.00454354	-56955
600	0.00454354	-56920.9
700	0.00454354	-57231.5
800	0.00454354	-57036.6
900	0.00454354	-57212.2
1000	0.00454354	-57026.6
300	0.00335544	-57161.7
400	0.00335544	-57284.6
500	0.00335544	-56971
600	0.00335544	-57112.2
700	0.00335544	-57389.9
800	0.00335544	-57285.2
900	0.00335544	-56815.4
1000	0.00335544	-57374.5
300	0.00243	-59603.4
400	0.00243	-58604.3
500	0.00243	-57086.6
600	0.00243	-56953.4
700	0.00243	-57122.6
800	0.00243	-57193.3
900	0.00243	-57007.9
1000	0.00243	-56964.2