state	power	likelihood
300	1	-57746.2
400	1	-57742.3
500	1	-57745.4
600	1	-57741.3
700	1	-57743.6
800	1	-57738.4
900	1	-57744.2
1000	1	-57749.8
300	0.903921	-57740.8
400	0.903921	-57736.9
500	0.903921	-57752.6
600	0.903921	-57757.3
700	0.903921	-57748.5
800	0.903921	-57747.8
900	0.903921	-57749.6
1000	0.903921	-57745.7
300	0.815373	-57743.3
400	0.815373	-57749.4
500	0.815373	-57745.6
600	0.815373	-57741.4
700	0.815373	-57749.7
800	0.815373	-57738
900	0.815373	-57753.2
1000	0.815373	-57740.6
300	0.733904	-57745.7
400	0.733904	-57743.6
500	0.733904	-57743
600	0.733904	-57746
700	0.733904	-57748.8
800	0.733904	-57750.8
900	0.733904	-57740.1
1000	0.733904	-57742.5
300	0.59049	-57752.1
400	0.59049	-57753.5
500	0.59049	-57745.2
600	0.59049	-57744
700	0.59049	-57750.4
800	0.59049	-57754.1
900	0.59049	-57750.6
1000	0.59049	-57743
300	0.527732	-57762.6
400	0.527732	-57748
500	0.527732	-57751.6
600	0.527732	-57743.9
700	0.527732	-57753.9
800	0.527732	-57755.5
900	0.527732	-57764.3
1000	0.527732	-57758.4
300	0.470427	-57751.7
400	0.470427	-57752.6
500	0.470427	-57760
600	0.470427	-57760.7
700	0.470427	-57763.3
800	0.470427	-57756.9
900	0.470427	-57746
1000	0.470427	-57749.6
300	0.418212	-57763.8
400	0.418212	-57745
500	0.418212	-57760.1
600	0.418212	-57762.9
700	0.418212	-57756.3
800	0.418212	-57753.2
900	0.418212	-57758.4
1000	0.418212	-57762.2
300	0.37074	-57774.7
400	0.37074	-57750.8
500	0.37074	-57754.8
600	0.37074	-57756.2
700	0.37074	-57751.2
800	0.37074	-57749.9
900	0.37074	-57747.8
1000	0.37074	-57757.4
300	0.32768	-57755
400	0.32768	-57755.3
500	0.32768	-57774.7
600	0.32768	-57749
700	0.32768	-57750.1
800	0.32768	-57758.2
900	0.32768	-57760.4
1000	0.32768	-57759.7
300	0.288717	-57776.4
400	0.288717	-57769.3
500	0.288717	-57764.4
600	0.288717	-57765.4
700	0.288717	-57753.1
800	0.288717	-57785.2
900	0.288717	-57764.4
1000	0.288717	-57780
300	0.253553	-57779
400	0.253553	-57787.9
500	0.253553	-57760.4
600	0.253553	-57773.9
700	0.253553	-57770.3
800	0.253553	-57757.4
900	0.253553	-57750.9
1000	0.253553	-57762.9
300	0.221901	-57778.1
400	0.221901	-57770.4
500	0.221901	-57775.3
600	0.221901	-57759.4
700	0.221901	-57776.1
800	0.221901	-57764.7
900	0.221901	-57761.4
1000	0.221901	-57766.1
300	0.193492	-57778.4
400	0.193492	-57769.2
500	0.193492	-57769.2
600	0.193492	-57775.5
700	0.193492	-57767
800	0.193492	-57767.8
900	0.193492	-57790.5
1000	0.193492	-57767.6
300	0.16807	-57763.8
400	0.16807	-57780.4
500	0.16807	-57767
600	0.16807	-57766.8
700	0.16807	-57785.7
800	0.16807	-57779.6
900	0.16807	-57782.8
1000	0.16807	-57796.6
300	0.145393	-57780.7
400	0.145393	-57784.9
500	0.145393	-57797.1
600	0.145393	-57765.4
700	0.145393	-57812.1
800	0.145393	-57770.5
900	0.145393	-57802.6
1000	0.145393	-57785.1
300	0.125233	-57780
400	0.125233	-57784.7
500	0.125233	-57819.8
600	0.125233	-57787.9
700	0.125233	-57782.3
800	0.125233	-57774.4
900	0.125233	-57789.2
1000	0.125233	-57789.4
300	0.107374	-57797.1
400	0.107374	-57838.7
500	0.107374	-57814.6
600	0.107374	-57787.3
700	0.107374	-57808.9
800	0.107374	-57847.4
900	0.107374	-57827.9
1000	0.107374	-57799
300	0.0916133	-57812
400	0.0916133	-57848
500	0.0916133	-57821.4
600	0.0916133	-57793.3
700	0.0916133	-57811.8
800	0.0916133	-57812.9
900	0.0916133	-57799.8
1000	0.0916133	-57827.1
300	0.07776	-57797.6
400	0.07776	-57827.4
500	0.07776	-57866.7
600	0.07776	-57864.1
700	0.07776	-57897.3
800	0.07776	-57799.9
900	0.07776	-57891.5
1000	0.07776	-57822.9
300	0.0656357	-57799
400	0.0656357	-57875.4
500	0.0656357	-57825.1
600	0.0656357	-57835.8
700	0.0656357	-57808.1
800	0.0656357	-57871.2
900	0.0656357	-57917.1
1000	0.0656357	-57853.6
300	0.0550732	-57843.3
400	0.0550732	-57896.1
500	0.0550732	-57963.8
600	0.0550732	-57854.9
700	0.0550732	-57897.2
800	0.0550732	-57832.7
900	0.0550732	-57819.9
1000	0.0550732	-57820.8
300	0.0459165	-57848.4
400	0.0459165	-57851.9
500	0.0459165	-57900
600	0.0459165	-57984
700	0.0459165	-57833.1
800	0.0459165	-57883
900	0.0459165	-57829.4
1000	0.0459165	-57883.8
300	0.0380204	-57981
400	0.0380204	-57933.2
500	0.0380204	-57913.1
600	0.0380204	-57966.4
700	0.0380204	-57919.3
800	0.0380204	-57986.4
900	0.0380204	-57945.4
1000	0.0380204	-57998.1
300	0.03125	-58011.9
400	0.03125	-57931.5
500	0.03125	-57852.3
600	0.03125	-58135.2
700	0.03125	-57873.1
800	0.03125	-57876.3
900	0.03125	-57962.5
1000	0.03125	-57979.3
300	0.0254804	-57912.1
400	0.0254804	-58081.2
500	0.0254804	-58118.1
600	0.0254804	-58028.1
700	0.0254804	-58088.3
800	0.0254804	-57971.5
900	0.0254804	-58169.5
1000	0.0254804	-57848.9
300	0.0205963	-57996.7
400	0.0205963	-58212
500	0.0205963	-58031.2
600	0.0205963	-57983.1
700	0.0205963	-57859.3
800	0.0205963	-58106
900	0.0205963	-58220.5
1000	0.0205963	-58039
300	0.0164916	-58172
400	0.0164916	-58008.8
500	0.0164916	-58107
600	0.0164916	-58071.2
700	0.0164916	-58388.5
800	0.0164916	-58142.4
900	0.0164916	-58162.4
1000	0.0164916	-58844.1
300	0.0130691	-58647.4
400	0.0130691	-58167.5
500	0.0130691	-58513.6
600	0.0130691	-58258.2
700	0.0130691	-58494.2
800	0.0130691	-58303.8
900	0.0130691	-58101
1000	0.0130691	-58582.9
300	0.01024	-58593.1
400	0.01024	-58496.9
500	0.01024	-58625.3
600	0.01024	-58250.2
700	0.01024	-58694.8
800	0.01024	-58771.6
900	0.01024	-58645.1
1000	0.01024	-58919.9
300	0.00792352	-59579.2
400	0.00792352	-59069
500	0.00792352	-59048
600	0.00792352	-58307.9
700	0.00792352	-58474.4
800	0.00792352	-58715.3
900	0.00792352	-59203.7
1000	0.00792352	-59101
300	0.00604662	-59722.5
400	0.00604662	-59415.3
500	0.00604662	-59247
600	0.00604662	-59378.4
700	0.00604662	-59043.3
800	0.00604662	-59532
900	0.00604662	-59248.6
1000	0.00604662	-58717.1
300	0.00454354	-59525.4
400	0.00454354	-60429
500	0.00454354	-59286.4
600	0.00454354	-59652.8
700	0.00454354	-58634.4
800	0.00454354	-59808.1
900	0.00454354	-58894.6
1000	0.00454354	-59620
300	0.00335544	-59452.6
400	0.00335544	-59631.7
500	0.00335544	-59834.9
600	0.00335544	-60120.7
700	0.00335544	-60853.4
800	0.00335544	-60680.2
900	0.00335544	-59068.9
1000	0.00335544	-58922.8
300	0.00243	-61117.1
400	0.00243	-61575.2
500	0.00243	-59615.4
600	0.00243	-58462.3
700	0.00243	-62901.4
800	0.00243	-59855
900	0.00243	-60607
1000	0.00243	-61838.2